# JRE version: OpenJDK Runtime Environment (7.0_75-b13) (build 1.7.0_75-b13)
# Java VM: OpenJDK Server VM (24.75-b04 mixed mode linux-x86 )
Heap
 PSYoungGen      total 174592K, used 10101K [0xa8880000, 0xb3340000, 0xb3340000)
  eden space 174336K, 5% used [0xa8880000,0xa924d6c0,0xb32c0000)
  from space 256K, 25% used [0xb32c0000,0xb32d0000,0xb3300000)
  to   space 256K, 0% used [0xb3300000,0xb3300000,0xb3340000)
 ParOldGen       total 124416K, used 49825K [0x93340000, 0x9acc0000, 0xa8880000)
  object space 124416K, 40% used [0x93340000,0x963e87b0,0x9acc0000)
 PSPermGen       total 31488K, used 18808K [0x8b340000, 0x8d200000, 0x93340000)
  object space 31488K, 59% used [0x8b340000,0x8c59e298,0x8d200000)
GC Heap History (10 events):
Event: 14271.763 GC heap before
{Heap before GC invocations=1509 (full 8):
 PSYoungGen      total 174592K, used 174400K [0xa8880000, 0xb3340000, 0xb3340000)
  eden space 174336K, 100% used [0xa8880000,0xb32c0000,0xb32c0000)
  from space 256K, 25% used [0xb3300000,0xb3310000,0xb3340000)
  to   space 256K, 0% used [0xb32c0000,0xb32c0000,0xb3300000)
 ParOldGen       total 124416K, used 49799K [0x93340000, 0x9acc0000, 0xa8880000)
  object space 124416K, 40% used [0x93340000,0x963e1f68,0x9acc0000)
 PSPermGen       total 31488K, used 18808K [0x8b340000, 0x8d200000, 0x93340000)
  object space 31488K, 59% used [0x8b340000,0x8c59e1a8,0x8d200000)
Event: 14271.767 GC heap after
Heap after GC invocations=1509 (full 8):
 PSYoungGen      total 174592K, used 100K [0xa8880000, 0xb3340000, 0xb3340000)
  eden space 174336K, 0% used [0xa8880000,0xa8880000,0xb32c0000)
  from space 256K, 39% used [0xb32c0000,0xb32d9230,0xb3300000)
  to   space 256K, 0% used [0xb3300000,0xb3300000,0xb3340000)
 ParOldGen       total 124416K, used 49799K [0x93340000, 0x9acc0000, 0xa8880000)
  object space 124416K, 40% used [0x93340000,0x963e1f68,0x9acc0000)
 PSPermGen       total 31488K, used 18808K [0x8b340000, 0x8d200000, 0x93340000)
  object space 31488K, 59% used [0x8b340000,0x8c59e1a8,0x8d200000)
}
Event: 14272.723 GC heap before
{Heap before GC invocations=1510 (full 8):
 PSYoungGen      total 174592K, used 174436K [0xa8880000, 0xb3340000, 0xb3340000)
  eden space 174336K, 100% used [0xa8880000,0xb32c0000,0xb32c0000)
  from space 256K, 39% used [0xb32c0000,0xb32d9230,0xb3300000)
  to   space 256K, 0% used [0xb3300000,0xb3300000,0xb3340000)
 ParOldGen       total 124416K, used 49799K [0x93340000, 0x9acc0000, 0xa8880000)
  object space 124416K, 40% used [0x93340000,0x963e1f68,0x9acc0000)
 PSPermGen       total 31488K, used 18808K [0x8b340000, 0x8d200000, 0x93340000)
  object space 31488K, 59% used [0x8b340000,0x8c59e298,0x8d200000)
Event: 14272.725 GC heap after
Heap after GC invocations=1510 (full 8):
 PSYoungGen      total 174592K, used 112K [0xa8880000, 0xb3340000, 0xb3340000)
  eden space 174336K, 0% used [0xa8880000,0xa8880000,0xb32c0000)
  from space 256K, 43% used [0xb3300000,0xb331c000,0xb3340000)
  to   space 256K, 0% used [0xb32c0000,0xb32c0000,0xb3300000)
 ParOldGen       total 124416K, used 49799K [0x93340000, 0x9acc0000, 0xa8880000)
  object space 124416K, 40% used [0x93340000,0x963e1f68,0x9acc0000)
 PSPermGen       total 31488K, used 18808K [0x8b340000, 0x8d200000, 0x93340000)
  object space 31488K, 59% used [0x8b340000,0x8c59e298,0x8d200000)
}
Event: 14273.887 GC heap before
{Heap before GC invocations=1511 (full 8):
 PSYoungGen      total 174592K, used 174448K [0xa8880000, 0xb3340000, 0xb3340000)
  eden space 174336K, 100% used [0xa8880000,0xb32c0000,0xb32c0000)
  from space 256K, 43% used [0xb3300000,0xb331c000,0xb3340000)
  to   space 256K, 0% used [0xb32c0000,0xb32c0000,0xb3300000)
 ParOldGen       total 124416K, used 49799K [0x93340000, 0x9acc0000, 0xa8880000)
  object space 124416K, 40% used [0x93340000,0x963e1f68,0x9acc0000)
 PSPermGen       total 31488K, used 18808K [0x8b340000, 0x8d200000, 0x93340000)
  object space 31488K, 59% used [0x8b340000,0x8c59e298,0x8d200000)
Event: 14273.889 GC heap after
Heap after GC invocations=1511 (full 8):
 PSYoungGen      total 174592K, used 64K [0xa8880000, 0xb3340000, 0xb3340000)
  eden space 174336K, 0% used [0xa8880000,0xa8880000,0xb32c0000)
  from space 256K, 25% used [0xb32c0000,0xb32d0000,0xb3300000)
  to   space 256K, 0% used [0xb3300000,0xb3300000,0xb3340000)
 ParOldGen       total 124416K, used 49807K [0x93340000, 0x9acc0000, 0xa8880000)
  object space 124416K, 40% used [0x93340000,0x963e3f68,0x9acc0000)
 PSPermGen       total 31488K, used 18808K [0x8b340000, 0x8d200000, 0x93340000)
  object space 31488K, 59% used [0x8b340000,0x8c59e298,0x8d200000)
}
Event: 14275.025 GC heap before
{Heap before GC invocations=1512 (full 8):
 PSYoungGen      total 174592K, used 174400K [0xa8880000, 0xb3340000, 0xb3340000)
  eden space 174336K, 100% used [0xa8880000,0xb32c0000,0xb32c0000)
  from space 256K, 25% used [0xb32c0000,0xb32d0000,0xb3300000)
  to   space 256K, 0% used [0xb3300000,0xb3300000,0xb3340000)
 ParOldGen       total 124416K, used 49809K [0x93340000, 0x9acc0000, 0xa8880000)
  object space 124416K, 40% used [0x93340000,0x963e47b0,0x9acc0000)
 PSPermGen       total 31488K, used 18808K [0x8b340000, 0x8d200000, 0x93340000)
  object space 31488K, 59% used [0x8b340000,0x8c59e298,0x8d200000)
Event: 14275.027 GC heap after
Heap after GC invocations=1512 (full 8):
 PSYoungGen      total 174592K, used 64K [0xa8880000, 0xb3340000, 0xb3340000)
  eden space 174336K, 0% used [0xa8880000,0xa8880000,0xb32c0000)
  from space 256K, 25% used [0xb3300000,0xb3310000,0xb3340000)
  to   space 256K, 0% used [0xb32c0000,0xb32c0000,0xb3300000)
 ParOldGen       total 124416K, used 49817K [0x93340000, 0x9acc0000, 0xa8880000)
  object space 124416K, 40% used [0x93340000,0x963e67b0,0x9acc0000)
 PSPermGen       total 31488K, used 18808K [0x8b340000, 0x8d200000, 0x93340000)
  object space 31488K, 59% used [0x8b340000,0x8c59e298,0x8d200000)
}
Event: 14275.029 GC heap before
{Heap before GC invocations=1513 (full 8):
 PSYoungGen      total 174592K, used 2304K [0xa8880000, 0xb3340000, 0xb3340000)
  eden space 174336K, 1% used [0xa8880000,0xa8ab0038,0xb32c0000)
  from space 256K, 25% used [0xb3300000,0xb3310000,0xb3340000)
  to   space 256K, 0% used [0xb32c0000,0xb32c0000,0xb3300000)
 ParOldGen       total 124416K, used 49817K [0x93340000, 0x9acc0000, 0xa8880000)
  object space 124416K, 40% used [0x93340000,0x963e67b0,0x9acc0000)
 PSPermGen       total 31488K, used 18808K [0x8b340000, 0x8d200000, 0x93340000)
  object space 31488K, 59% used [0x8b340000,0x8c59e298,0x8d200000)
Event: 14275.030 GC heap after
Heap after GC invocations=1513 (full 8):
 PSYoungGen      total 174592K, used 64K [0xa8880000, 0xb3340000, 0xb3340000)
  eden space 174336K, 0% used [0xa8880000,0xa8880000,0xb32c0000)
  from space 256K, 25% used [0xb32c0000,0xb32d0000,0xb3300000)
  to   space 256K, 0% used [0xb3300000,0xb3300000,0xb3340000)
 ParOldGen       total 124416K, used 49825K [0x93340000, 0x9acc0000, 0xa8880000)
  object space 124416K, 40% used [0x93340000,0x963e87b0,0x9acc0000)
 PSPermGen       total 31488K, used 18808K [0x8b340000, 0x8d200000, 0x93340000)
  object space 31488K, 59% used [0x8b340000,0x8c59e298,0x8d200000)
}

