# JRE version: OpenJDK Runtime Environment (7.0_79-b14) (build 1.7.0_79-b14)
# Java VM: OpenJDK Server VM (24.79-b02 mixed mode linux-x86 )
Heap
 PSYoungGen      total 173824K, used 125122K [0xa8780000, 0xb3240000, 0xb3240000)
  eden space 172800K, 72% used [0xa8780000,0xb0193a90,0xb3040000)
  from space 1024K, 11% used [0xb3040000,0xb305d150,0xb3140000)
  to   space 1024K, 0% used [0xb3140000,0xb3140000,0xb3240000)
 ParOldGen       total 69376K, used 48378K [0x93240000, 0x97600000, 0xa8780000)
  object space 69376K, 69% used [0x93240000,0x9617eb60,0x97600000)
 PSPermGen       total 31232K, used 17943K [0x8b240000, 0x8d0c0000, 0x93240000)
  object space 31232K, 57% used [0x8b240000,0x8c3c5ef0,0x8d0c0000)
GC Heap History (10 events):
Event: 1303.617 GC heap before
{Heap before GC invocations=3051 (full 6):
 PSYoungGen      total 173056K, used 172711K [0xa8780000, 0xb31c0000, 0xb3240000)
  eden space 172288K, 100% used [0xa8780000,0xb2fc0000,0xb2fc0000)
  from space 768K, 55% used [0xb3100000,0xb3169c20,0xb31c0000)
  to   space 1024K, 0% used [0xb2fc0000,0xb2fc0000,0xb30c0000)
 ParOldGen       total 69376K, used 48032K [0x93240000, 0x97600000, 0xa8780000)
  object space 69376K, 69% used [0x93240000,0x96128210,0x97600000)
 PSPermGen       total 31232K, used 17943K [0x8b240000, 0x8d0c0000, 0x93240000)
  object space 31232K, 57% used [0x8b240000,0x8c3c5cd0,0x8d0c0000)
Event: 1303.619 GC heap after
Heap after GC invocations=3051 (full 6):
 PSYoungGen      total 173312K, used 347K [0xa8780000, 0xb3240000, 0xb3240000)
  eden space 172288K, 0% used [0xa8780000,0xa8780000,0xb2fc0000)
  from space 1024K, 33% used [0xb2fc0000,0xb3016e50,0xb30c0000)
  to   space 1024K, 0% used [0xb3140000,0xb3140000,0xb3240000)
 ParOldGen       total 69376K, used 48113K [0x93240000, 0x97600000, 0xa8780000)
  object space 69376K, 69% used [0x93240000,0x9613c4f0,0x97600000)
 PSPermGen       total 31232K, used 17943K [0x8b240000, 0x8d0c0000, 0x93240000)
  object space 31232K, 57% used [0x8b240000,0x8c3c5cd0,0x8d0c0000)
}
Event: 1305.054 GC heap before
{Heap before GC invocations=3052 (full 6):
 PSYoungGen      total 173312K, used 172635K [0xa8780000, 0xb3240000, 0xb3240000)
  eden space 172288K, 100% used [0xa8780000,0xb2fc0000,0xb2fc0000)
  from space 1024K, 33% used [0xb2fc0000,0xb3016e50,0xb30c0000)
  to   space 1024K, 0% used [0xb3140000,0xb3140000,0xb3240000)
 ParOldGen       total 69376K, used 48113K [0x93240000, 0x97600000, 0xa8780000)
  object space 69376K, 69% used [0x93240000,0x9613c4f0,0x97600000)
 PSPermGen       total 31232K, used 17943K [0x8b240000, 0x8d0c0000, 0x93240000)
  object space 31232K, 57% used [0x8b240000,0x8c3c5e48,0x8d0c0000)
Event: 1305.057 GC heap after
Heap after GC invocations=3052 (full 6):
 PSYoungGen      total 173824K, used 269K [0xa8780000, 0xb3240000, 0xb3240000)
  eden space 172800K, 0% used [0xa8780000,0xa8780000,0xb3040000)
  from space 1024K, 26% used [0xb3140000,0xb3183710,0xb3240000)
  to   space 1024K, 0% used [0xb3040000,0xb3040000,0xb3140000)
 ParOldGen       total 69376K, used 48167K [0x93240000, 0x97600000, 0xa8780000)
  object space 69376K, 69% used [0x93240000,0x96149c30,0x97600000)
 PSPermGen       total 31232K, used 17943K [0x8b240000, 0x8d0c0000, 0x93240000)
  object space 31232K, 57% used [0x8b240000,0x8c3c5e48,0x8d0c0000)
}
Event: 1306.633 GC heap before
{Heap before GC invocations=3053 (full 6):
 PSYoungGen      total 173824K, used 173069K [0xa8780000, 0xb3240000, 0xb3240000)
  eden space 172800K, 100% used [0xa8780000,0xb3040000,0xb3040000)
  from space 1024K, 26% used [0xb3140000,0xb3183710,0xb3240000)
  to   space 1024K, 0% used [0xb3040000,0xb3040000,0xb3140000)
 ParOldGen       total 69376K, used 48167K [0x93240000, 0x97600000, 0xa8780000)
  object space 69376K, 69% used [0x93240000,0x96149c30,0x97600000)
 PSPermGen       total 31232K, used 17943K [0x8b240000, 0x8d0c0000, 0x93240000)
  object space 31232K, 57% used [0x8b240000,0x8c3c5e48,0x8d0c0000)
Event: 1306.635 GC heap after
Heap after GC invocations=3053 (full 6):
 PSYoungGen      total 173824K, used 233K [0xa8780000, 0xb3240000, 0xb3240000)
  eden space 172800K, 0% used [0xa8780000,0xa8780000,0xb3040000)
  from space 1024K, 22% used [0xb3040000,0xb307a430,0xb3140000)
  to   space 1024K, 0% used [0xb3140000,0xb3140000,0xb3240000)
 ParOldGen       total 69376K, used 48247K [0x93240000, 0x97600000, 0xa8780000)
  object space 69376K, 69% used [0x93240000,0x9615df10,0x97600000)
 PSPermGen       total 31232K, used 17943K [0x8b240000, 0x8d0c0000, 0x93240000)
  object space 31232K, 57% used [0x8b240000,0x8c3c5e48,0x8d0c0000)
}
Event: 1308.087 GC heap before
{Heap before GC invocations=3054 (full 6):
 PSYoungGen      total 173824K, used 173033K [0xa8780000, 0xb3240000, 0xb3240000)
  eden space 172800K, 100% used [0xa8780000,0xb3040000,0xb3040000)
  from space 1024K, 22% used [0xb3040000,0xb307a430,0xb3140000)
  to   space 1024K, 0% used [0xb3140000,0xb3140000,0xb3240000)
 ParOldGen       total 69376K, used 48247K [0x93240000, 0x97600000, 0xa8780000)
  object space 69376K, 69% used [0x93240000,0x9615df10,0x97600000)
 PSPermGen       total 31232K, used 17943K [0x8b240000, 0x8d0c0000, 0x93240000)
  object space 31232K, 57% used [0x8b240000,0x8c3c5e48,0x8d0c0000)
Event: 1308.089 GC heap after
Heap after GC invocations=3054 (full 6):
 PSYoungGen      total 173824K, used 173K [0xa8780000, 0xb3240000, 0xb3240000)
  eden space 172800K, 0% used [0xa8780000,0xa8780000,0xb3040000)
  from space 1024K, 16% used [0xb3140000,0xb316b740,0xb3240000)
  to   space 1024K, 0% used [0xb3040000,0xb3040000,0xb3140000)
 ParOldGen       total 69376K, used 48328K [0x93240000, 0x97600000, 0xa8780000)
  object space 69376K, 69% used [0x93240000,0x961721f0,0x97600000)
 PSPermGen       total 31232K, used 17943K [0x8b240000, 0x8d0c0000, 0x93240000)
  object space 31232K, 57% used [0x8b240000,0x8c3c5e48,0x8d0c0000)
}
Event: 1309.591 GC heap before
{Heap before GC invocations=3055 (full 6):
 PSYoungGen      total 173824K, used 172973K [0xa8780000, 0xb3240000, 0xb3240000)
  eden space 172800K, 100% used [0xa8780000,0xb3040000,0xb3040000)
  from space 1024K, 16% used [0xb3140000,0xb316b740,0xb3240000)
  to   space 1024K, 0% used [0xb3040000,0xb3040000,0xb3140000)
 ParOldGen       total 69376K, used 48328K [0x93240000, 0x97600000, 0xa8780000)
  object space 69376K, 69% used [0x93240000,0x961721f0,0x97600000)
 PSPermGen       total 31232K, used 17943K [0x8b240000, 0x8d0c0000, 0x93240000)
  object space 31232K, 57% used [0x8b240000,0x8c3c5e48,0x8d0c0000)
Event: 1309.597 GC heap after
Heap after GC invocations=3055 (full 6):
 PSYoungGen      total 173824K, used 116K [0xa8780000, 0xb3240000, 0xb3240000)
  eden space 172800K, 0% used [0xa8780000,0xa8780000,0xb3040000)
  from space 1024K, 11% used [0xb3040000,0xb305d150,0xb3140000)
  to   space 1024K, 0% used [0xb3140000,0xb3140000,0xb3240000)
 ParOldGen       total 69376K, used 48378K [0x93240000, 0x97600000, 0xa8780000)
  object space 69376K, 69% used [0x93240000,0x9617eb60,0x97600000)
 PSPermGen       total 31232K, used 17943K [0x8b240000, 0x8d0c0000, 0x93240000)
  object space 31232K, 57% used [0x8b240000,0x8c3c5e48,0x8d0c0000)
}

