# JRE version: OpenJDK Runtime Environment (7.0_79-b14) (build 1.7.0_79-b14)
# Java VM: OpenJDK Server VM (24.79-b02 mixed mode linux-x86 )
Heap
 PSYoungGen      total 174592K, used 133571K [0xa8840000, 0xb3300000, 0xb3300000)
  eden space 174336K, 76% used [0xa8840000,0xb0a8cde0,0xb3280000)
  from space 256K, 56% used [0xb3280000,0xb32a4000,0xb32c0000)
  to   space 256K, 0% used [0xb32c0000,0xb32c0000,0xb3300000)
 ParOldGen       total 134656K, used 90285K [0x93300000, 0x9b680000, 0xa8840000)
  object space 134656K, 67% used [0x93300000,0x98b2b430,0x9b680000)
 PSPermGen       total 23040K, used 18517K [0x8b300000, 0x8c980000, 0x93300000)
  object space 23040K, 80% used [0x8b300000,0x8c515468,0x8c980000)
GC Heap History (10 events):
Event: 4685.837 GC heap before
{Heap before GC invocations=1581 (full 14):
 PSYoungGen      total 174592K, used 174448K [0xa8840000, 0xb3300000, 0xb3300000)
  eden space 174336K, 100% used [0xa8840000,0xb3280000,0xb3280000)
  from space 256K, 43% used [0xb32c0000,0xb32dc000,0xb3300000)
  to   space 256K, 0% used [0xb3280000,0xb3280000,0xb32c0000)
 ParOldGen       total 134656K, used 90285K [0x93300000, 0x9b680000, 0xa8840000)
  object space 134656K, 67% used [0x93300000,0x98b2b430,0x9b680000)
 PSPermGen       total 23040K, used 18517K [0x8b300000, 0x8c980000, 0x93300000)
  object space 23040K, 80% used [0x8b300000,0x8c515468,0x8c980000)
Event: 4685.839 GC heap after
Heap after GC invocations=1581 (full 14):
 PSYoungGen      total 174592K, used 144K [0xa8840000, 0xb3300000, 0xb3300000)
  eden space 174336K, 0% used [0xa8840000,0xa8840000,0xb3280000)
  from space 256K, 56% used [0xb3280000,0xb32a4000,0xb32c0000)
  to   space 256K, 0% used [0xb32c0000,0xb32c0000,0xb3300000)
 ParOldGen       total 134656K, used 90285K [0x93300000, 0x9b680000, 0xa8840000)
  object space 134656K, 67% used [0x93300000,0x98b2b430,0x9b680000)
 PSPermGen       total 23040K, used 18517K [0x8b300000, 0x8c980000, 0x93300000)
  object space 23040K, 80% used [0x8b300000,0x8c515468,0x8c980000)
}
Event: 4687.245 GC heap before
{Heap before GC invocations=1582 (full 14):
 PSYoungGen      total 174592K, used 174480K [0xa8840000, 0xb3300000, 0xb3300000)
  eden space 174336K, 100% used [0xa8840000,0xb3280000,0xb3280000)
  from space 256K, 56% used [0xb3280000,0xb32a4000,0xb32c0000)
  to   space 256K, 0% used [0xb32c0000,0xb32c0000,0xb3300000)
 ParOldGen       total 134656K, used 90285K [0x93300000, 0x9b680000, 0xa8840000)
  object space 134656K, 67% used [0x93300000,0x98b2b430,0x9b680000)
 PSPermGen       total 23040K, used 18517K [0x8b300000, 0x8c980000, 0x93300000)
  object space 23040K, 80% used [0x8b300000,0x8c515468,0x8c980000)
Event: 4687.250 GC heap after
Heap after GC invocations=1582 (full 14):
 PSYoungGen      total 174592K, used 128K [0xa8840000, 0xb3300000, 0xb3300000)
  eden space 174336K, 0% used [0xa8840000,0xa8840000,0xb3280000)
  from space 256K, 50% used [0xb32c0000,0xb32e0000,0xb3300000)
  to   space 256K, 0% used [0xb3280000,0xb3280000,0xb32c0000)
 ParOldGen       total 134656K, used 90285K [0x93300000, 0x9b680000, 0xa8840000)
  object space 134656K, 67% used [0x93300000,0x98b2b430,0x9b680000)
 PSPermGen       total 23040K, used 18517K [0x8b300000, 0x8c980000, 0x93300000)
  object space 23040K, 80% used [0x8b300000,0x8c515468,0x8c980000)
}
Event: 4688.684 GC heap before
{Heap before GC invocations=1583 (full 14):
 PSYoungGen      total 174592K, used 174464K [0xa8840000, 0xb3300000, 0xb3300000)
  eden space 174336K, 100% used [0xa8840000,0xb3280000,0xb3280000)
  from space 256K, 50% used [0xb32c0000,0xb32e0000,0xb3300000)
  to   space 256K, 0% used [0xb3280000,0xb3280000,0xb32c0000)
 ParOldGen       total 134656K, used 90285K [0x93300000, 0x9b680000, 0xa8840000)
  object space 134656K, 67% used [0x93300000,0x98b2b430,0x9b680000)
 PSPermGen       total 23040K, used 18517K [0x8b300000, 0x8c980000, 0x93300000)
  object space 23040K, 80% used [0x8b300000,0x8c515468,0x8c980000)
Event: 4688.692 GC heap after
Heap after GC invocations=1583 (full 14):
 PSYoungGen      total 174592K, used 112K [0xa8840000, 0xb3300000, 0xb3300000)
  eden space 174336K, 0% used [0xa8840000,0xa8840000,0xb3280000)
  from space 256K, 43% used [0xb3280000,0xb329c000,0xb32c0000)
  to   space 256K, 0% used [0xb32c0000,0xb32c0000,0xb3300000)
 ParOldGen       total 134656K, used 90285K [0x93300000, 0x9b680000, 0xa8840000)
  object space 134656K, 67% used [0x93300000,0x98b2b430,0x9b680000)
 PSPermGen       total 23040K, used 18517K [0x8b300000, 0x8c980000, 0x93300000)
  object space 23040K, 80% used [0x8b300000,0x8c515468,0x8c980000)
}
Event: 4690.158 GC heap before
{Heap before GC invocations=1584 (full 14):
 PSYoungGen      total 174592K, used 174448K [0xa8840000, 0xb3300000, 0xb3300000)
  eden space 174336K, 100% used [0xa8840000,0xb3280000,0xb3280000)
  from space 256K, 43% used [0xb3280000,0xb329c000,0xb32c0000)
  to   space 256K, 0% used [0xb32c0000,0xb32c0000,0xb3300000)
 ParOldGen       total 134656K, used 90285K [0x93300000, 0x9b680000, 0xa8840000)
  object space 134656K, 67% used [0x93300000,0x98b2b430,0x9b680000)
 PSPermGen       total 23040K, used 18517K [0x8b300000, 0x8c980000, 0x93300000)
  object space 23040K, 80% used [0x8b300000,0x8c515468,0x8c980000)
Event: 4690.161 GC heap after
Heap after GC invocations=1584 (full 14):
 PSYoungGen      total 174592K, used 160K [0xa8840000, 0xb3300000, 0xb3300000)
  eden space 174336K, 0% used [0xa8840000,0xa8840000,0xb3280000)
  from space 256K, 62% used [0xb32c0000,0xb32e8000,0xb3300000)
  to   space 256K, 0% used [0xb3280000,0xb3280000,0xb32c0000)
 ParOldGen       total 134656K, used 90285K [0x93300000, 0x9b680000, 0xa8840000)
  object space 134656K, 67% used [0x93300000,0x98b2b430,0x9b680000)
 PSPermGen       total 23040K, used 18517K [0x8b300000, 0x8c980000, 0x93300000)
  object space 23040K, 80% used [0x8b300000,0x8c515468,0x8c980000)
}
Event: 4691.555 GC heap before
{Heap before GC invocations=1585 (full 14):
 PSYoungGen      total 174592K, used 174496K [0xa8840000, 0xb3300000, 0xb3300000)
  eden space 174336K, 100% used [0xa8840000,0xb3280000,0xb3280000)
  from space 256K, 62% used [0xb32c0000,0xb32e8000,0xb3300000)
  to   space 256K, 0% used [0xb3280000,0xb3280000,0xb32c0000)
 ParOldGen       total 134656K, used 90285K [0x93300000, 0x9b680000, 0xa8840000)
  object space 134656K, 67% used [0x93300000,0x98b2b430,0x9b680000)
 PSPermGen       total 23040K, used 18517K [0x8b300000, 0x8c980000, 0x93300000)
  object space 23040K, 80% used [0x8b300000,0x8c515468,0x8c980000)
Event: 4691.557 GC heap after
Heap after GC invocations=1585 (full 14):
 PSYoungGen      total 174592K, used 144K [0xa8840000, 0xb3300000, 0xb3300000)
  eden space 174336K, 0% used [0xa8840000,0xa8840000,0xb3280000)
  from space 256K, 56% used [0xb3280000,0xb32a4000,0xb32c0000)
  to   space 256K, 0% used [0xb32c0000,0xb32c0000,0xb3300000)
 ParOldGen       total 134656K, used 90285K [0x93300000, 0x9b680000, 0xa8840000)
  object space 134656K, 67% used [0x93300000,0x98b2b430,0x9b680000)
 PSPermGen       total 23040K, used 18517K [0x8b300000, 0x8c980000, 0x93300000)
  object space 23040K, 80% used [0x8b300000,0x8c515468,0x8c980000)
}

