# JRE version: OpenJDK Runtime Environment (7.0_79-b14) (build 1.7.0_79-b14)
# Java VM: OpenJDK Server VM (24.79-b02 mixed mode linux-x86 )
Heap
 PSYoungGen      total 174592K, used 133834K [0xa8800000, 0xb32c0000, 0xb32c0000)
  eden space 174336K, 76% used [0xa8800000,0xb0a96b20,0xb3240000)
  from space 256K, 43% used [0xb3240000,0xb325c000,0xb3280000)
  to   space 256K, 0% used [0xb3280000,0xb3280000,0xb32c0000)
 ParOldGen       total 168192K, used 133794K [0x932c0000, 0x9d700000, 0xa8800000)
  object space 168192K, 79% used [0x932c0000,0x9b568818,0x9d700000)
 PSPermGen       total 22528K, used 18001K [0x8b2c0000, 0x8c8c0000, 0x932c0000)
  object space 22528K, 79% used [0x8b2c0000,0x8c454520,0x8c8c0000)
GC Heap History (10 events):
Event: 2606.635 GC heap before
{Heap before GC invocations=3687 (full 14):
 PSYoungGen      total 174592K, used 174400K [0xa8800000, 0xb32c0000, 0xb32c0000)
  eden space 174336K, 100% used [0xa8800000,0xb3240000,0xb3240000)
  from space 256K, 25% used [0xb3280000,0xb3290000,0xb32c0000)
  to   space 256K, 0% used [0xb3240000,0xb3240000,0xb3280000)
 ParOldGen       total 168192K, used 133774K [0x932c0000, 0x9d700000, 0xa8800000)
  object space 168192K, 79% used [0x932c0000,0x9b563818,0x9d700000)
 PSPermGen       total 22528K, used 18001K [0x8b2c0000, 0x8c8c0000, 0x932c0000)
  object space 22528K, 79% used [0x8b2c0000,0x8c454520,0x8c8c0000)
Event: 2606.642 GC heap after
Heap after GC invocations=3687 (full 14):
 PSYoungGen      total 174592K, used 80K [0xa8800000, 0xb32c0000, 0xb32c0000)
  eden space 174336K, 0% used [0xa8800000,0xa8800000,0xb3240000)
  from space 256K, 31% used [0xb3240000,0xb3254000,0xb3280000)
  to   space 256K, 0% used [0xb3280000,0xb3280000,0xb32c0000)
 ParOldGen       total 168192K, used 133774K [0x932c0000, 0x9d700000, 0xa8800000)
  object space 168192K, 79% used [0x932c0000,0x9b563818,0x9d700000)
 PSPermGen       total 22528K, used 18001K [0x8b2c0000, 0x8c8c0000, 0x932c0000)
  object space 22528K, 79% used [0x8b2c0000,0x8c454520,0x8c8c0000)
}
Event: 2608.083 GC heap before
{Heap before GC invocations=3688 (full 14):
 PSYoungGen      total 174592K, used 174416K [0xa8800000, 0xb32c0000, 0xb32c0000)
  eden space 174336K, 100% used [0xa8800000,0xb3240000,0xb3240000)
  from space 256K, 31% used [0xb3240000,0xb3254000,0xb3280000)
  to   space 256K, 0% used [0xb3280000,0xb3280000,0xb32c0000)
 ParOldGen       total 168192K, used 133774K [0x932c0000, 0x9d700000, 0xa8800000)
  object space 168192K, 79% used [0x932c0000,0x9b563818,0x9d700000)
 PSPermGen       total 22528K, used 18001K [0x8b2c0000, 0x8c8c0000, 0x932c0000)
  object space 22528K, 79% used [0x8b2c0000,0x8c454520,0x8c8c0000)
Event: 2608.093 GC heap after
Heap after GC invocations=3688 (full 14):
 PSYoungGen      total 174592K, used 96K [0xa8800000, 0xb32c0000, 0xb32c0000)
  eden space 174336K, 0% used [0xa8800000,0xa8800000,0xb3240000)
  from space 256K, 37% used [0xb3280000,0xb3298000,0xb32c0000)
  to   space 256K, 0% used [0xb3240000,0xb3240000,0xb3280000)
 ParOldGen       total 168192K, used 133778K [0x932c0000, 0x9d700000, 0xa8800000)
  object space 168192K, 79% used [0x932c0000,0x9b564818,0x9d700000)
 PSPermGen       total 22528K, used 18001K [0x8b2c0000, 0x8c8c0000, 0x932c0000)
  object space 22528K, 79% used [0x8b2c0000,0x8c454520,0x8c8c0000)
}
Event: 2609.467 GC heap before
{Heap before GC invocations=3689 (full 14):
 PSYoungGen      total 174592K, used 174432K [0xa8800000, 0xb32c0000, 0xb32c0000)
  eden space 174336K, 100% used [0xa8800000,0xb3240000,0xb3240000)
  from space 256K, 37% used [0xb3280000,0xb3298000,0xb32c0000)
  to   space 256K, 0% used [0xb3240000,0xb3240000,0xb3280000)
 ParOldGen       total 168192K, used 133778K [0x932c0000, 0x9d700000, 0xa8800000)
  object space 168192K, 79% used [0x932c0000,0x9b564818,0x9d700000)
 PSPermGen       total 22528K, used 18001K [0x8b2c0000, 0x8c8c0000, 0x932c0000)
  object space 22528K, 79% used [0x8b2c0000,0x8c454520,0x8c8c0000)
Event: 2609.471 GC heap after
Heap after GC invocations=3689 (full 14):
 PSYoungGen      total 174592K, used 96K [0xa8800000, 0xb32c0000, 0xb32c0000)
  eden space 174336K, 0% used [0xa8800000,0xa8800000,0xb3240000)
  from space 256K, 37% used [0xb3240000,0xb3258000,0xb3280000)
  to   space 256K, 0% used [0xb3280000,0xb3280000,0xb32c0000)
 ParOldGen       total 168192K, used 133786K [0x932c0000, 0x9d700000, 0xa8800000)
  object space 168192K, 79% used [0x932c0000,0x9b566818,0x9d700000)
 PSPermGen       total 22528K, used 18001K [0x8b2c0000, 0x8c8c0000, 0x932c0000)
  object space 22528K, 79% used [0x8b2c0000,0x8c454520,0x8c8c0000)
}
Event: 2610.873 GC heap before
{Heap before GC invocations=3690 (full 14):
 PSYoungGen      total 174592K, used 174432K [0xa8800000, 0xb32c0000, 0xb32c0000)
  eden space 174336K, 100% used [0xa8800000,0xb3240000,0xb3240000)
  from space 256K, 37% used [0xb3240000,0xb3258000,0xb3280000)
  to   space 256K, 0% used [0xb3280000,0xb3280000,0xb32c0000)
 ParOldGen       total 168192K, used 133786K [0x932c0000, 0x9d700000, 0xa8800000)
  object space 168192K, 79% used [0x932c0000,0x9b566818,0x9d700000)
 PSPermGen       total 22528K, used 18001K [0x8b2c0000, 0x8c8c0000, 0x932c0000)
  object space 22528K, 79% used [0x8b2c0000,0x8c454520,0x8c8c0000)
Event: 2610.879 GC heap after
Heap after GC invocations=3690 (full 14):
 PSYoungGen      total 174592K, used 96K [0xa8800000, 0xb32c0000, 0xb32c0000)
  eden space 174336K, 0% used [0xa8800000,0xa8800000,0xb3240000)
  from space 256K, 37% used [0xb3280000,0xb3298000,0xb32c0000)
  to   space 256K, 0% used [0xb3240000,0xb3240000,0xb3280000)
 ParOldGen       total 168192K, used 133794K [0x932c0000, 0x9d700000, 0xa8800000)
  object space 168192K, 79% used [0x932c0000,0x9b568818,0x9d700000)
 PSPermGen       total 22528K, used 18001K [0x8b2c0000, 0x8c8c0000, 0x932c0000)
  object space 22528K, 79% used [0x8b2c0000,0x8c454520,0x8c8c0000)
}
Event: 2612.292 GC heap before
{Heap before GC invocations=3691 (full 14):
 PSYoungGen      total 174592K, used 174432K [0xa8800000, 0xb32c0000, 0xb32c0000)
  eden space 174336K, 100% used [0xa8800000,0xb3240000,0xb3240000)
  from space 256K, 37% used [0xb3280000,0xb3298000,0xb32c0000)
  to   space 256K, 0% used [0xb3240000,0xb3240000,0xb3280000)
 ParOldGen       total 168192K, used 133794K [0x932c0000, 0x9d700000, 0xa8800000)
  object space 168192K, 79% used [0x932c0000,0x9b568818,0x9d700000)
 PSPermGen       total 22528K, used 18001K [0x8b2c0000, 0x8c8c0000, 0x932c0000)
  object space 22528K, 79% used [0x8b2c0000,0x8c454520,0x8c8c0000)
Event: 2612.296 GC heap after
Heap after GC invocations=3691 (full 14):
 PSYoungGen      total 174592K, used 112K [0xa8800000, 0xb32c0000, 0xb32c0000)
  eden space 174336K, 0% used [0xa8800000,0xa8800000,0xb3240000)
  from space 256K, 43% used [0xb3240000,0xb325c000,0xb3280000)
  to   space 256K, 0% used [0xb3280000,0xb3280000,0xb32c0000)
 ParOldGen       total 168192K, used 133794K [0x932c0000, 0x9d700000, 0xa8800000)
  object space 168192K, 79% used [0x932c0000,0x9b568818,0x9d700000)
 PSPermGen       total 22528K, used 18001K [0x8b2c0000, 0x8c8c0000, 0x932c0000)
  object space 22528K, 79% used [0x8b2c0000,0x8c454520,0x8c8c0000)
}

