# JRE version: OpenJDK Runtime Environment (7.0_79-b14) (build 1.7.0_79-b14)
# Java VM: OpenJDK Server VM (24.79-b02 mixed mode linux-x86 )
Heap
 PSYoungGen      total 173056K, used 128921K [0xa8840000, 0xb3280000, 0xb3300000)
  eden space 172288K, 74% used [0xa8840000,0xb05f0168,0xb3080000)
  from space 768K, 28% used [0xb31c0000,0xb31f6380,0xb3280000)
  to   space 1024K, 0% used [0xb3080000,0xb3080000,0xb3180000)
 ParOldGen       total 72960K, used 62098K [0x93300000, 0x97a40000, 0xa8840000)
  object space 72960K, 85% used [0x93300000,0x96fa49a0,0x97a40000)
 PSPermGen       total 30720K, used 18300K [0x8b300000, 0x8d100000, 0x93300000)
  object space 30720K, 59% used [0x8b300000,0x8c4df098,0x8d100000)
GC Heap History (10 events):
Event: 2039.631 GC heap before
{Heap before GC invocations=1893 (full 7):
 PSYoungGen      total 172544K, used 170916K [0xa8840000, 0xb3280000, 0xb3300000)
  eden space 170752K, 100% used [0xa8840000,0xb2f00000,0xb2f00000)
  from space 1792K, 9% used [0xb2f00000,0xb2f29150,0xb30c0000)
  to   space 1536K, 0% used [0xb3100000,0xb3100000,0xb3280000)
 ParOldGen       total 72960K, used 62034K [0x93300000, 0x97a40000, 0xa8840000)
  object space 72960K, 85% used [0x93300000,0x96f949a0,0x97a40000)
 PSPermGen       total 30720K, used 18299K [0x8b300000, 0x8d100000, 0x93300000)
  object space 30720K, 59% used [0x8b300000,0x8c4deff0,0x8d100000)
Event: 2039.633 GC heap after
Heap after GC invocations=1893 (full 7):
 PSYoungGen      total 172800K, used 155K [0xa8840000, 0xb32c0000, 0xb3300000)
  eden space 171264K, 0% used [0xa8840000,0xa8840000,0xb2f80000)
  from space 1536K, 10% used [0xb3100000,0xb3126dd0,0xb3280000)
  to   space 1536K, 0% used [0xb2f80000,0xb2f80000,0xb3100000)
 ParOldGen       total 72960K, used 62038K [0x93300000, 0x97a40000, 0xa8840000)
  object space 72960K, 85% used [0x93300000,0x96f959a0,0x97a40000)
 PSPermGen       total 30720K, used 18299K [0x8b300000, 0x8d100000, 0x93300000)
  object space 30720K, 59% used [0x8b300000,0x8c4deff0,0x8d100000)
}
Event: 2040.982 GC heap before
{Heap before GC invocations=1894 (full 7):
 PSYoungGen      total 172800K, used 171419K [0xa8840000, 0xb32c0000, 0xb3300000)
  eden space 171264K, 100% used [0xa8840000,0xb2f80000,0xb2f80000)
  from space 1536K, 10% used [0xb3100000,0xb3126dd0,0xb3280000)
  to   space 1536K, 0% used [0xb2f80000,0xb2f80000,0xb3100000)
 ParOldGen       total 72960K, used 62038K [0x93300000, 0x97a40000, 0xa8840000)
  object space 72960K, 85% used [0x93300000,0x96f959a0,0x97a40000)
 PSPermGen       total 30720K, used 18299K [0x8b300000, 0x8d100000, 0x93300000)
  object space 30720K, 59% used [0x8b300000,0x8c4deff0,0x8d100000)
Event: 2040.984 GC heap after
Heap after GC invocations=1894 (full 7):
 PSYoungGen      total 172800K, used 193K [0xa8840000, 0xb3280000, 0xb3300000)
  eden space 171264K, 0% used [0xa8840000,0xa8840000,0xb2f80000)
  from space 1536K, 12% used [0xb2f80000,0xb2fb0700,0xb3100000)
  to   space 1280K, 0% used [0xb3140000,0xb3140000,0xb3280000)
 ParOldGen       total 72960K, used 62050K [0x93300000, 0x97a40000, 0xa8840000)
  object space 72960K, 85% used [0x93300000,0x96f989a0,0x97a40000)
 PSPermGen       total 30720K, used 18299K [0x8b300000, 0x8d100000, 0x93300000)
  object space 30720K, 59% used [0x8b300000,0x8c4deff0,0x8d100000)
}
Event: 2042.381 GC heap before
{Heap before GC invocations=1895 (full 7):
 PSYoungGen      total 172800K, used 171457K [0xa8840000, 0xb3280000, 0xb3300000)
  eden space 171264K, 100% used [0xa8840000,0xb2f80000,0xb2f80000)
  from space 1536K, 12% used [0xb2f80000,0xb2fb0700,0xb3100000)
  to   space 1280K, 0% used [0xb3140000,0xb3140000,0xb3280000)
 ParOldGen       total 72960K, used 62050K [0x93300000, 0x97a40000, 0xa8840000)
  object space 72960K, 85% used [0x93300000,0x96f989a0,0x97a40000)
 PSPermGen       total 30720K, used 18300K [0x8b300000, 0x8d100000, 0x93300000)
  object space 30720K, 59% used [0x8b300000,0x8c4df098,0x8d100000)
Event: 2042.383 GC heap after
Heap after GC invocations=1895 (full 7):
 PSYoungGen      total 173056K, used 212K [0xa8840000, 0xb32c0000, 0xb3300000)
  eden space 171776K, 0% used [0xa8840000,0xa8840000,0xb3000000)
  from space 1280K, 16% used [0xb3140000,0xb3175150,0xb3280000)
  to   space 1280K, 0% used [0xb3000000,0xb3000000,0xb3140000)
 ParOldGen       total 72960K, used 62062K [0x93300000, 0x97a40000, 0xa8840000)
  object space 72960K, 85% used [0x93300000,0x96f9b9a0,0x97a40000)
 PSPermGen       total 30720K, used 18300K [0x8b300000, 0x8d100000, 0x93300000)
  object space 30720K, 59% used [0x8b300000,0x8c4df098,0x8d100000)
}
Event: 2043.775 GC heap before
{Heap before GC invocations=1896 (full 7):
 PSYoungGen      total 173056K, used 171988K [0xa8840000, 0xb32c0000, 0xb3300000)
  eden space 171776K, 100% used [0xa8840000,0xb3000000,0xb3000000)
  from space 1280K, 16% used [0xb3140000,0xb3175150,0xb3280000)
  to   space 1280K, 0% used [0xb3000000,0xb3000000,0xb3140000)
 ParOldGen       total 72960K, used 62062K [0x93300000, 0x97a40000, 0xa8840000)
  object space 72960K, 85% used [0x93300000,0x96f9b9a0,0x97a40000)
 PSPermGen       total 30720K, used 18300K [0x8b300000, 0x8d100000, 0x93300000)
  object space 30720K, 59% used [0x8b300000,0x8c4df098,0x8d100000)
Event: 2043.780 GC heap after
Heap after GC invocations=1896 (full 7):
 PSYoungGen      total 173056K, used 189K [0xa8840000, 0xb3300000, 0xb3300000)
  eden space 171776K, 0% used [0xa8840000,0xa8840000,0xb3000000)
  from space 1280K, 14% used [0xb3000000,0xb302f5b0,0xb3140000)
  to   space 1280K, 0% used [0xb31c0000,0xb31c0000,0xb3300000)
 ParOldGen       total 72960K, used 62086K [0x93300000, 0x97a40000, 0xa8840000)
  object space 72960K, 85% used [0x93300000,0x96fa19a0,0x97a40000)
 PSPermGen       total 30720K, used 18300K [0x8b300000, 0x8d100000, 0x93300000)
  object space 30720K, 59% used [0x8b300000,0x8c4df098,0x8d100000)
}
Event: 2045.144 GC heap before
{Heap before GC invocations=1897 (full 7):
 PSYoungGen      total 173056K, used 171965K [0xa8840000, 0xb3300000, 0xb3300000)
  eden space 171776K, 100% used [0xa8840000,0xb3000000,0xb3000000)
  from space 1280K, 14% used [0xb3000000,0xb302f5b0,0xb3140000)
  to   space 1280K, 0% used [0xb31c0000,0xb31c0000,0xb3300000)
 ParOldGen       total 72960K, used 62086K [0x93300000, 0x97a40000, 0xa8840000)
  object space 72960K, 85% used [0x93300000,0x96fa19a0,0x97a40000)
 PSPermGen       total 30720K, used 18300K [0x8b300000, 0x8d100000, 0x93300000)
  object space 30720K, 59% used [0x8b300000,0x8c4df098,0x8d100000)
Event: 2045.146 GC heap after
Heap after GC invocations=1897 (full 7):
 PSYoungGen      total 173056K, used 216K [0xa8840000, 0xb3280000, 0xb3300000)
  eden space 172288K, 0% used [0xa8840000,0xa8840000,0xb3080000)
  from space 768K, 28% used [0xb31c0000,0xb31f6380,0xb3280000)
  to   space 1024K, 0% used [0xb3080000,0xb3080000,0xb3180000)
 ParOldGen       total 72960K, used 62098K [0x93300000, 0x97a40000, 0xa8840000)
  object space 72960K, 85% used [0x93300000,0x96fa49a0,0x97a40000)
 PSPermGen       total 30720K, used 18300K [0x8b300000, 0x8d100000, 0x93300000)
  object space 30720K, 59% used [0x8b300000,0x8c4df098,0x8d100000)
}

